{"timestamp": "2025-11-12T14:30:01.203194", "logger": "SystemOut", "level": "INFO", "module": "logger", "function": "log", "line": 46, "message": "Inicio de ejecuci\u00f3n diaria de JobPoint Automate."}
{"timestamp": "2025-11-12T14:30:01.203320", "logger": "SystemOut", "level": "INFO", "module": "logger", "function": "log", "line": 46, "message": "Cargando usuario desde /app/_src_/ksmjob/static/json/data_user.json."}
{"timestamp": "2025-11-12T14:30:01.203447", "logger": "SystemOut", "level": "INFO", "module": "logger", "function": "log", "line": 46, "message": "Usuario cargado correctamente: FLORES.RICHARD."}
{"timestamp": "2025-11-12T14:30:01.203513", "logger": "SystemOut", "level": "INFO", "module": "logger", "function": "log", "line": 46, "message": "Usuario cargado correctamente en main."}
{"timestamp": "2025-11-12T14:30:01.203575", "logger": "SystemOut", "level": "INFO", "module": "logger", "function": "log", "line": 46, "message": "RunTwo - Cargando de endpoints."}
{"timestamp": "2025-11-12T14:30:01.203648", "logger": "SystemOut", "level": "INFO", "module": "logger", "function": "log", "line": 46, "message": "Cargando endpoints desde /app/_src_/ksmjob/static/json/endpoints.json."}
{"timestamp": "2025-11-12T14:30:01.203858", "logger": "SystemOut", "level": "INFO", "module": "logger", "function": "log", "line": 46, "message": "Endpoints cargados correctamente: 5 configuraciones encontradas."}
{"timestamp": "2025-11-12T14:30:01.203917", "logger": "SystemOut", "level": "INFO", "module": "logger", "function": "log", "line": 46, "message": "RunTwo - Cargando datos de usuario."}
{"timestamp": "2025-11-12T14:30:01.203982", "logger": "SystemOut", "level": "INFO", "module": "logger", "function": "log", "line": 46, "message": "Cargando usuario desde /app/_src_/ksmjob/static/json/data_user.json."}
{"timestamp": "2025-11-12T14:30:01.204072", "logger": "SystemOut", "level": "INFO", "module": "logger", "function": "log", "line": 46, "message": "Usuario cargado correctamente: FLORES.RICHARD."}
{"timestamp": "2025-11-12T14:30:01.204126", "logger": "SystemOut", "level": "INFO", "module": "logger", "function": "log", "line": 46, "message": "RunTwo.getReserva - Mapeando datos a utilizar en el proceso."}
{"timestamp": "2025-11-12T14:30:01.204179", "logger": "SystemOut", "level": "INFO", "module": "logger", "function": "log", "line": 46, "message": "RunTwo.getReserva - Ejecutando proceso para obtener Reservation."}
{"timestamp": "2025-11-12T14:30:01.204254", "logger": "SystemOut", "level": "INFO", "module": "logger", "function": "log", "line": 46, "message": "RunTwo.getReserva - Fecha objetivo para reserva: 12-12-2025"}
{"timestamp": "2025-11-12T14:30:01.204307", "logger": "SystemOut", "level": "INFO", "module": "logger", "function": "log", "line": 46, "message": "Verificando si la fecha 2025-12-12 es feriado para el modo 'reserva'."}
{"timestamp": "2025-11-12T14:30:01.204402", "logger": "SystemOut", "level": "INFO", "module": "logger", "function": "log", "line": 46, "message": "Datos de feriados cargados correctamente."}
{"timestamp": "2025-11-12T14:30:01.204463", "logger": "SystemOut", "level": "INFO", "module": "logger", "function": "log", "line": 46, "message": "Feriado trasladable 2025-05-01 no trasladado."}
{"timestamp": "2025-11-12T14:30:01.204516", "logger": "SystemOut", "level": "INFO", "module": "logger", "function": "log", "line": 46, "message": "Feriado trasladable 2025-06-30 no trasladado."}
{"timestamp": "2025-11-12T14:30:01.204566", "logger": "SystemOut", "level": "INFO", "module": "logger", "function": "log", "line": 46, "message": "Feriado trasladable 2025-10-20 no trasladado."}
{"timestamp": "2025-11-12T14:30:01.204618", "logger": "SystemOut", "level": "INFO", "module": "logger", "function": "log", "line": 46, "message": "La fecha 2025-12-12 no es feriado fijo para reserva."}
{"timestamp": "2025-11-12T14:30:01.204682", "logger": "SystemOut", "level": "INFO", "module": "logger", "function": "log", "line": 46, "message": "Cargando endpoints desde /app/_src_/ksmjob/static/json/endpoints.json."}
{"timestamp": "2025-11-12T14:30:01.204786", "logger": "SystemOut", "level": "INFO", "module": "logger", "function": "log", "line": 46, "message": "Endpoints cargados correctamente: 5 configuraciones encontradas."}
{"timestamp": "2025-11-12T14:30:01.204845", "logger": "SystemOut", "level": "INFO", "module": "logger", "function": "log", "line": 46, "message": "Endpoints cargados correctamente en VerificadorReserva."}
{"timestamp": "2025-11-12T14:30:01.204894", "logger": "SystemOut", "level": "INFO", "module": "logger", "function": "log", "line": 46, "message": "Ejecutando existe_reserva."}
{"timestamp": "2025-11-12T14:30:01.204943", "logger": "SystemOut", "level": "INFO", "module": "logger", "function": "log", "line": 46, "message": "No se encontr\u00f3 configuraci\u00f3n para el paso Verification."}
{"timestamp": "2025-11-12T14:30:01.205012", "logger": "SystemOut", "level": "INFO", "module": "logger", "function": "log", "line": 46, "message": "RunTwo.getReserva - Datos para reserva: {'startdate': '12-12-2025 08:00:00', 'enddate': '12-12-2025 19:00:00', 'workerid': 319, 'workplaceid': 4531, 'floorid': 6, 'typeId': 1}"}
{"timestamp": "2025-11-12T14:30:01.579201", "logger": "SystemOut", "level": "INFO", "module": "logger", "function": "log", "line": 46, "message": "RunTwo.getReserva - Respuesta getReserva: {'status': 'error', 'code': 20003, 'reason': 'ERROR 20003: Los datos ingresados estan incompletos o Existe un traslape de horario con otro puesto a reservar', 'detail': '', 'reply': ''}"}
{"timestamp": "2025-11-12T14:30:01.580987", "logger": "SystemOut", "level": "INFO", "module": "logger", "function": "log", "line": 46, "message": "Reserva fallida. Se contin\u00faa con el proceso de CheckIn."}
{"timestamp": "2025-11-12T14:30:01.581172", "logger": "SystemOut", "level": "INFO", "module": "logger", "function": "log", "line": 46, "message": "RunTwo.getCheckIn - Ejecutando proceso para hacer CheckIn."}
{"timestamp": "2025-11-12T14:30:01.581355", "logger": "SystemOut", "level": "INFO", "module": "logger", "function": "log", "line": 46, "message": "RunTwo.getCheckIn - Fecha actual para checkin: 2025-11-12"}
{"timestamp": "2025-11-12T14:30:01.581505", "logger": "SystemOut", "level": "INFO", "module": "logger", "function": "log", "line": 46, "message": "Verificando si la fecha 2025-11-12 es feriado para el modo 'checkin'."}
{"timestamp": "2025-11-12T14:30:01.582395", "logger": "SystemOut", "level": "INFO", "module": "logger", "function": "log", "line": 46, "message": "Datos de feriados cargados correctamente."}
{"timestamp": "2025-11-12T14:30:01.582468", "logger": "SystemOut", "level": "INFO", "module": "logger", "function": "log", "line": 46, "message": "Feriado trasladable 2025-05-01 no trasladado."}
{"timestamp": "2025-11-12T14:30:01.582521", "logger": "SystemOut", "level": "INFO", "module": "logger", "function": "log", "line": 46, "message": "Feriado trasladable 2025-06-30 no trasladado."}
{"timestamp": "2025-11-12T14:30:01.582571", "logger": "SystemOut", "level": "INFO", "module": "logger", "function": "log", "line": 46, "message": "Feriado trasladable 2025-10-20 no trasladado."}
{"timestamp": "2025-11-12T14:30:01.582623", "logger": "SystemOut", "level": "INFO", "module": "logger", "function": "log", "line": 46, "message": "La fecha 2025-11-12 no es feriado para checkin."}
{"timestamp": "2025-11-12T14:30:02.063572", "logger": "SystemOut", "level": "INFO", "module": "logger", "function": "log", "line": 46, "message": "RunTwo.getCheckIn - Respuesta getCheckIn PUT: {'status': 'OK', 'code': 10000, 'reason': 'Mensaje 10000: La operaci\u00f3n fue ejecutada correctamente.', 'detail': '', 'reply': ''}"}
{"timestamp": "2025-11-12T14:30:02.067229", "logger": "SystemOut", "level": "INFO", "module": "logger", "function": "log", "line": 46, "message": "CheckIn completado correctamente."}
{"timestamp": "2025-11-12T14:30:02.067292", "logger": "SystemOut", "level": "INFO", "module": "logger", "function": "log", "line": 46, "message": "Ejecuci\u00f3n diaria completada."}
